0 info it worked if it ends with ok
1 verbose cli [ '/Users/andrew/.nvm/versions/node/v0.12.9/bin/node',
1 verbose cli   '/Users/andrew/.nvm/versions/node/v0.12.9/bin/npm',
1 verbose cli   'start' ]
2 info using npm@2.14.9
3 info using node@v0.12.9
4 verbose stack Error: ENOENT, open '/Users/andrew/Project/ERP-TeachWeb-2/package.json'
4 verbose stack     at Error (native)
5 verbose cwd /Users/andrew/Project/ERP-TeachWeb-2
6 error Darwin 15.4.0
7 error argv "/Users/andrew/.nvm/versions/node/v0.12.9/bin/node" "/Users/andrew/.nvm/versions/node/v0.12.9/bin/npm" "start"
8 error node v0.12.9
9 error npm  v2.14.9
10 error path /Users/andrew/Project/ERP-TeachWeb-2/package.json
11 error code ENOENT
12 error errno -2
13 error enoent ENOENT, open '/Users/andrew/Project/ERP-TeachWeb-2/package.json'
13 error enoent This is most likely not a problem with npm itself
13 error enoent and is related to npm not being able to find a file.
14 verbose exit [ -2, true ]
